Build started 04/08/2011 04:34:37 PM.
     1>Project "C:\Users\mitchell\Documents\development\visual studio 2010\Projects\PhotoAlbum\dotNetCheck\dotNetCheck\dotNetCheck.vcxproj" on node 2 (build target(s)).
     1>InitializeBuildStatus:
         Creating "Debug\dotNetCheck.unsuccessfulbuild" because "AlwaysCreate" was specified.
       ClCompile:
         C:\Program Files\Microsoft Visual Studio 10.0\VC\bin\CL.exe /c /ZI /nologo /W3 /WX- /Od /Oy- /D _MBCS /D _MBCS /Gm /EHsc /RTC1 /MDd /GS /fp:precise /Zc:wchar_t /Zc:forScope /Fo"Debug\\" /Fd"Debug\vc100.pdb" /Gd /TP /analyze- /errorReport:prompt main.cpp
         main.cpp
     1>c:\users\mitchell\documents\development\visual studio 2010\projects\photoalbum\dotnetcheck\dotnetcheck\main.cpp(15): warning C4068: unknown pragma
     1>c:\users\mitchell\documents\development\visual studio 2010\projects\photoalbum\dotnetcheck\dotnetcheck\main.cpp(61): warning C4996: 'fopen': This function or variable may be unsafe. Consider using fopen_s instead. To disable deprecation, use _CRT_SECURE_NO_WARNINGS. See online help for details.
                 c:\program files\microsoft visual studio 10.0\vc\include\stdio.h(234) : see declaration of 'fopen'
     1>c:\users\mitchell\documents\development\visual studio 2010\projects\photoalbum\dotnetcheck\dotnetcheck\main.cpp(132): warning C4996: 'strcpy': This function or variable may be unsafe. Consider using strcpy_s instead. To disable deprecation, use _CRT_SECURE_NO_WARNINGS. See online help for details.
                 c:\program files\microsoft visual studio 10.0\vc\include\string.h(105) : see declaration of 'strcpy'
       Link:
         C:\Program Files\Microsoft Visual Studio 10.0\VC\bin\link.exe /ERRORREPORT:PROMPT /OUT:"C:\Users\mitchell\Documents\development\visual studio 2010\Projects\PhotoAlbum\dotNetCheck\Debug\dotNetCheck.exe" /NOLOGO winhttp.lib kernel32.lib user32.lib gdi32.lib winspool.lib comdlg32.lib advapi32.lib shell32.lib ole32.lib oleaut32.lib uuid.lib odbc32.lib odbccp32.lib kernel32.lib user32.lib gdi32.lib winspool.lib comdlg32.lib advapi32.lib shell32.lib ole32.lib oleaut32.lib uuid.lib odbc32.lib odbccp32.lib /MANIFEST /ManifestFile:"Debug\dotNetCheck.exe.intermediate.manifest" /MANIFESTUAC:"level='asInvoker' uiAccess='false'" /DEBUG /PDB:"C:\Users\mitchell\Documents\development\visual studio 2010\Projects\PhotoAlbum\dotNetCheck\Debug\dotNetCheck.pdb" /TLBID:1 /DYNAMICBASE /NXCOMPAT /IMPLIB:"C:\Users\mitchell\Documents\development\visual studio 2010\Projects\PhotoAlbum\dotNetCheck\Debug\dotNetCheck.lib" /MACHINE:X86 Debug\main.obj
         LINK : C:\Users\mitchell\Documents\development\visual studio 2010\Projects\PhotoAlbum\dotNetCheck\Debug\dotNetCheck.exe not found or not built by the last incremental link; performing full link
         dotNetCheck.vcxproj -> C:\Users\mitchell\Documents\development\visual studio 2010\Projects\PhotoAlbum\dotNetCheck\Debug\dotNetCheck.exe
       Manifest:
         C:\Program Files\Microsoft SDKs\Windows\v7.0A\bin\mt.exe /nologo /verbose /outputresource:"C:\Users\mitchell\Documents\development\visual studio 2010\Projects\PhotoAlbum\dotNetCheck\Debug\dotNetCheck.exe;#1" /manifest Debug\dotNetCheck.exe.intermediate.manifest
       FinalizeBuildStatus:
         Deleting file "Debug\dotNetCheck.unsuccessfulbuild".
         Touching "Debug\dotNetCheck.lastbuildstate".
     1>Done Building Project "C:\Users\mitchell\Documents\development\visual studio 2010\Projects\PhotoAlbum\dotNetCheck\dotNetCheck\dotNetCheck.vcxproj" (build target(s)).

Build succeeded.

Time Elapsed 00:00:01.65
