Build started 04/08/2011 04:40:26 PM.
     1>Project "C:\Users\mitchell\Documents\development\visual studio 2010\Projects\PhotoAlbum\dotNetCheck\dotNetCheck\dotNetCheck.vcxproj" on node 2 (build target(s)).
     1>InitializeBuildStatus:
         Touching "Release\dotNetCheck.unsuccessfulbuild".
       ClCompile:
         C:\Program Files\Microsoft Visual Studio 10.0\VC\bin\CL.exe /c /Zi /nologo /W3 /WX- /O2 /Oi /Oy- /GL /D WIN32 /D CURL_STATICLIB /D _MBCS /D _MBCS /Gm- /EHsc /MD /GS /Gy /fp:precise /Zc:wchar_t /Zc:forScope /Fo"Release\\" /Fd"Release\vc100.pdb" /Gd /TP /analyze- /errorReport:prompt main.cpp
         main.cpp
     1>main.cpp(61): warning C4996: 'fopen': This function or variable may be unsafe. Consider using fopen_s instead. To disable deprecation, use _CRT_SECURE_NO_WARNINGS. See online help for details.
                 C:\Program Files\Microsoft Visual Studio 10.0\VC\include\stdio.h(234) : see declaration of 'fopen'
     1>main.cpp(132): warning C4996: 'strcpy': This function or variable may be unsafe. Consider using strcpy_s instead. To disable deprecation, use _CRT_SECURE_NO_WARNINGS. See online help for details.
                 C:\Program Files\Microsoft Visual Studio 10.0\VC\include\string.h(105) : see declaration of 'strcpy'
       Link:
         C:\Program Files\Microsoft Visual Studio 10.0\VC\bin\link.exe /ERRORREPORT:PROMPT /OUT:"C:\Users\mitchell\Documents\development\visual studio 2010\Projects\PhotoAlbum\dotNetCheck\Release\dotNetCheck.exe" /NOLOGO kernel32.lib user32.lib gdi32.lib winspool.lib comdlg32.lib advapi32.lib shell32.lib ole32.lib oleaut32.lib uuid.lib odbc32.lib odbccp32.lib /MANIFEST /ManifestFile:"Release\dotNetCheck.exe.intermediate.manifest" /MANIFESTUAC:"level='asInvoker' uiAccess='false'" /DEBUG /PDB:"C:\Users\mitchell\Documents\development\visual studio 2010\Projects\PhotoAlbum\dotNetCheck\Release\dotNetCheck.pdb" /OPT:REF /OPT:ICF /LTCG /TLBID:1 /DYNAMICBASE /NXCOMPAT /IMPLIB:"C:\Users\mitchell\Documents\development\visual studio 2010\Projects\PhotoAlbum\dotNetCheck\Release\dotNetCheck.lib" /MACHINE:X86 Release\main.obj
         Generating code
         Finished generating code
         dotNetCheck.vcxproj -> C:\Users\mitchell\Documents\development\visual studio 2010\Projects\PhotoAlbum\dotNetCheck\Release\dotNetCheck.exe
       Manifest:
         C:\Program Files\Microsoft SDKs\Windows\v7.0A\bin\mt.exe /nologo /verbose /outputresource:"C:\Users\mitchell\Documents\development\visual studio 2010\Projects\PhotoAlbum\dotNetCheck\Release\dotNetCheck.exe;#1" /manifest Release\dotNetCheck.exe.intermediate.manifest
       FinalizeBuildStatus:
         Deleting file "Release\dotNetCheck.unsuccessfulbuild".
         Touching "Release\dotNetCheck.lastbuildstate".
     1>Done Building Project "C:\Users\mitchell\Documents\development\visual studio 2010\Projects\PhotoAlbum\dotNetCheck\dotNetCheck\dotNetCheck.vcxproj" (build target(s)).

Build succeeded.

Time Elapsed 00:00:01.11
